<?xml version="1.0" encoding="UTF-8" ?>
<testsuite failures="0" time="0.914" errors="0" skipped="0" tests="4" name="eero.chat.ActorTest">
  <properties>
[...]
</properties>
  <testcase time="0.302" classname="eero.chat.ActorTest" name="testLeaveRoom"/>
  <testcase time="0.204" classname="eero.chat.ActorTest" name="testTwoUsers"/>
  <testcase time="0.202" classname="eero.chat.ActorTest" name="testOneUserJoinAndSend"/>
  <testcase time="0.203" classname="eero.chat.ActorTest" name="testSendToWrongRoom"/>
</testsuite>